<?xml version="1.0" encoding="UTF-8"?>
<!-- Generated by org.testng.reporters.JUnitReportReporter -->
<testsuite skipped="0" hostname="Khosruzs-MacBook-Pro.local" name="com.Runner.SmockRunTestNG" tests="4" failures="0" timestamp="2019-12-01T17:42:04 EST" time="38.900" errors="0">
  <testcase name="myAccount" time="10.700" classname="com.Runner.SmockRunTestNG"/>
  <testcase name="logOut" time="10.307" classname="com.Runner.SmockRunTestNG"/>
  <testcase name="login" time="8.770" classname="com.Runner.SmockRunTestNG"/>
  <testcase name="signUP" time="9.123" classname="com.Runner.SmockRunTestNG"/>
</testsuite> <!-- com.Runner.SmockRunTestNG -->
