<?xml version="1.0" encoding="UTF-8"?>
<!-- Generated by org.testng.reporters.JUnitReportReporter -->
<testsuite skipped="0" hostname="Khosruzs-MBP" name="com.TestRunner.SmockRunTestNG" tests="1" failures="0" timestamp="2019-11-29T23:31:13 EST" time="19.157" errors="1">
  <testcase name="myAccount" time="19.157" classname="com.TestRunner.SmockRunTestNG">
    <error type="org.openqa.selenium.NoSuchWindowException" message="no such window: target window already closed
from unknown error: web view not found
  (Session info: chrome=78.0.3904.108)
Build info: version: &#039;3.141.59&#039;, revision: &#039;e82be7d358&#039;, time: &#039;2018-11-14T08:17:03&#039;
System info: host: &#039;Khosruzs-MBP&#039;, ip: &#039;2604:2000:1201:8991:4580:324:1950:cfd7%en0&#039;, os.name: &#039;Mac OS X&#039;, os.arch: &#039;x86_64&#039;, os.version: &#039;10.15.1&#039;, java.version: &#039;1.8.0_231&#039;
Driver info: org.openqa.selenium.chrome.ChromeDriver
Capabilities {acceptInsecureCerts: false, browserName: chrome, browserVersion: 78.0.3904.108, chrome: {chromedriverVersion: 78.0.3904.105 (60e2d8774a81..., userDataDir: /var/folders/q7/wlnj5l215kb...}, goog:chromeOptions: {debuggerAddress: localhost:51386}, javascriptEnabled: true, networkConnectionEnabled: false, pageLoadStrategy: normal, platform: MAC, platformName: MAC, proxy: Proxy(), setWindowRect: true, strictFileInteractability: false, timeouts: {implicit: 0, pageLoad: 300000, script: 30000}, unhandledPromptBehavior: dismiss and notify}
Session ID: 65b3e3889961d7cb54e540c560590929
*** Element info: {Using=xpath, value=//*[@id=&#039;middle_content_mrml&#039;]/div/div[2]}">
      <![CDATA[org.openqa.selenium.NoSuchWindowException: no such window: target window already closed
from unknown error: web view not found
  (Session info: chrome=78.0.3904.108)
Build info: version: '3.141.59', revision: 'e82be7d358', time: '2018-11-14T08:17:03'
System info: host: 'Khosruzs-MBP', ip: '2604:2000:1201:8991:4580:324:1950:cfd7%en0', os.name: 'Mac OS X', os.arch: 'x86_64', os.version: '10.15.1', java.version: '1.8.0_231'
Driver info: org.openqa.selenium.chrome.ChromeDriver
Capabilities {acceptInsecureCerts: false, browserName: chrome, browserVersion: 78.0.3904.108, chrome: {chromedriverVersion: 78.0.3904.105 (60e2d8774a81..., userDataDir: /var/folders/q7/wlnj5l215kb...}, goog:chromeOptions: {debuggerAddress: localhost:51386}, javascriptEnabled: true, networkConnectionEnabled: false, pageLoadStrategy: normal, platform: MAC, platformName: MAC, proxy: Proxy(), setWindowRect: true, strictFileInteractability: false, timeouts: {implicit: 0, pageLoad: 300000, script: 30000}, unhandledPromptBehavior: dismiss and notify}
Session ID: 65b3e3889961d7cb54e540c560590929
*** Element info: {Using=xpath, value=//*[@id='middle_content_mrml']/div/div[2]}
at sun.reflect.NativeConstructorAccessorImpl.newInstance0(Native Method)
at sun.reflect.NativeConstructorAccessorImpl.newInstance(NativeConstructorAccessorImpl.java:62)
at sun.reflect.DelegatingConstructorAccessorImpl.newInstance(DelegatingConstructorAccessorImpl.java:45)
at java.lang.reflect.Constructor.newInstance(Constructor.java:423)
at org.openqa.selenium.remote.http.W3CHttpResponseCodec.createException(W3CHttpResponseCodec.java:187)
at org.openqa.selenium.remote.http.W3CHttpResponseCodec.decode(W3CHttpResponseCodec.java:122)
at org.openqa.selenium.remote.http.W3CHttpResponseCodec.decode(W3CHttpResponseCodec.java:49)
at org.openqa.selenium.remote.HttpCommandExecutor.execute(HttpCommandExecutor.java:158)
at org.openqa.selenium.remote.service.DriverCommandExecutor.execute(DriverCommandExecutor.java:83)
at org.openqa.selenium.remote.RemoteWebDriver.execute(RemoteWebDriver.java:552)
at org.openqa.selenium.remote.RemoteWebDriver.findElements(RemoteWebDriver.java:353)
at org.openqa.selenium.remote.RemoteWebDriver.findElementsByXPath(RemoteWebDriver.java:432)
at org.openqa.selenium.By$ByXPath.findElements(By.java:348)
at org.openqa.selenium.remote.RemoteWebDriver.findElements(RemoteWebDriver.java:311)
at com.Pages.MasterPage.getElementsText(MasterPage.java:82)
at com.Pages.MyAccount.getAvailableOptions(MyAccount.java:30)
at com.Pages.MyAccount.getAvailableOptions(MyAccount.java:31)
at com.Pages.MyAccount.getAvailableOptions(MyAccount.java:31)
at com.Pages.MyAccount.getAvailableOptions(MyAccount.java:31)
at com.Pages.MyAccount.getAvailableOptions(MyAccount.java:31)
at com.Pages.MyAccount.getAvailableOptions(MyAccount.java:31)
at com.Pages.MyAccount.getAvailableOptions(MyAccount.java:31)
at com.Pages.MyAccount.getAvailableOptions(MyAccount.java:31)
at com.Pages.MyAccount.getAvailableOptions(MyAccount.java:31)
at com.Pages.MyAccount.getAvailableOptions(MyAccount.java:31)
at com.Pages.MyAccount.getAvailableOptions(MyAccount.java:31)
at com.Pages.MyAccount.getAvailableOptions(MyAccount.java:31)
at com.Pages.MyAccount.getAvailableOptions(MyAccount.java:31)
at com.Pages.MyAccount.getAvailableOptions(MyAccount.java:31)
at com.Pages.MyAccount.getAvailableOptions(MyAccount.java:31)
at com.Pages.MyAccount.getAvailableOptions(MyAccount.java:31)
at com.Pages.MyAccount.getAvailableOptions(MyAccount.java:31)
at com.Pages.MyAccount.getAvailableOptions(MyAccount.java:31)
at com.Pages.MyAccount.getAvailableOptions(MyAccount.java:31)
at com.Pages.MyAccount.getAvailableOptions(MyAccount.java:31)
at com.Pages.MyAccount.getAvailableOptions(MyAccount.java:31)
at com.Pages.MyAccount.getAvailableOptions(MyAccount.java:31)
at com.Pages.MyAccount.getAvailableOptions(MyAccount.java:31)
at com.Pages.MyAccount.getAvailableOptions(MyAccount.java:31)
at com.Pages.MyAccount.getAvailableOptions(MyAccount.java:31)
at com.Pages.MyAccount.getAvailableOptions(MyAccount.java:31)
at com.Pages.MyAccount.getAvailableOptions(MyAccount.java:31)
at com.Pages.MyAccount.getAvailableOptions(MyAccount.java:31)
at com.Pages.MyAccount.getAvailableOptions(MyAccount.java:31)
at com.Pages.MyAccount.getAvailableOptions(MyAccount.java:31)
at com.Pages.MyAccount.getAvailableOptions(MyAccount.java:31)
at com.Pages.MyAccount.getAvailableOptions(MyAccount.java:31)
at com.Pages.MyAccount.getAvailableOptions(MyAccount.java:31)
at com.Pages.MyAccount.getAvailableOptions(MyAccount.java:31)
at com.Pages.MyAccount.getAvailableOptions(MyAccount.java:31)
at com.Pages.MyAccount.getAvailableOptions(MyAccount.java:31)
at com.Pages.MyAccount.getAvailableOptions(MyAccount.java:31)
at com.Pages.MyAccount.getAvailableOptions(MyAccount.java:31)
at com.Pages.MyAccount.getAvailableOptions(MyAccount.java:31)
at com.Pages.MyAccount.getAvailableOptions(MyAccount.java:31)
at com.Pages.MyAccount.getAvailableOptions(MyAccount.java:31)
at com.Pages.MyAccount.getAvailableOptions(MyAccount.java:31)
at com.Pages.MyAccount.getAvailableOptions(MyAccount.java:31)
at com.Pages.MyAccount.getAvailableOptions(MyAccount.java:31)
at com.Pages.MyAccount.getAvailableOptions(MyAccount.java:31)
at com.Pages.MyAccount.getAvailableOptions(MyAccount.java:31)
at com.Pages.MyAccount.getAvailableOptions(MyAccount.java:31)
at com.Pages.MyAccount.getAvailableOptions(MyAccount.java:31)
at com.Pages.MyAccount.getAvailableOptions(MyAccount.java:31)
at com.Pages.MyAccount.getAvailableOptions(MyAccount.java:31)
at com.Pages.MyAccount.getAvailableOptions(MyAccount.java:31)
at com.Pages.MyAccount.getAvailableOptions(MyAccount.java:31)
at com.Pages.MyAccount.getAvailableOptions(MyAccount.java:31)
at com.Pages.MyAccount.getAvailableOptions(MyAccount.java:31)
at com.Pages.MyAccount.getAvailableOptions(MyAccount.java:31)
at com.Pages.MyAccount.getAvailableOptions(MyAccount.java:31)
at com.Pages.MyAccount.getAvailableOptions(MyAccount.java:31)
at com.Pages.MyAccount.getAvailableOptions(MyAccount.java:31)
at com.Pages.MyAccount.getAvailableOptions(MyAccount.java:31)
at com.Pages.MyAccount.getAvailableOptions(MyAccount.java:31)
at com.Pages.MyAccount.getAvailableOptions(MyAccount.java:31)
at com.Pages.MyAccount.getAvailableOptions(MyAccount.java:31)
at com.Pages.MyAccount.getAvailableOptions(MyAccount.java:31)
at com.Pages.MyAccount.getAvailableOptions(MyAccount.java:31)
at com.Pages.MyAccount.getAvailableOptions(MyAccount.java:31)
at com.Pages.MyAccount.getAvailableOptions(MyAccount.java:31)
at com.Pages.MyAccount.getAvailableOptions(MyAccount.java:31)
at com.Pages.MyAccount.getAvailableOptions(MyAccount.java:31)
at com.Pages.MyAccount.getAvailableOptions(MyAccount.java:31)
at com.Pages.MyAccount.getAvailableOptions(MyAccount.java:31)
at com.Pages.MyAccount.getAvailableOptions(MyAccount.java:31)
at com.Pages.MyAccount.getAvailableOptions(MyAccount.java:31)
at com.Pages.MyAccount.getAvailableOptions(MyAccount.java:31)
at com.Pages.MyAccount.getAvailableOptions(MyAccount.java:31)
at com.Pages.MyAccount.getAvailableOptions(MyAccount.java:31)
at com.Pages.MyAccount.getAvailableOptions(MyAccount.java:31)
at com.Pages.MyAccount.getAvailableOptions(MyAccount.java:31)
at com.Pages.MyAccount.getAvailableOptions(MyAccount.java:31)
at com.Pages.MyAccount.getAvailableOptions(MyAccount.java:31)
at com.Pages.MyAccount.getAvailableOptions(MyAccount.java:31)
at com.Pages.MyAccount.getAvailableOptions(MyAccount.java:31)
at com.Pages.MyAccount.getAvailableOptions(MyAccount.java:31)
at com.Pages.MyAccount.getAvailableOptions(MyAccount.java:31)
at com.Pages.MyAccount.getAvailableOptions(MyAccount.java:31)
at com.Pages.MyAccount.getAvailableOptions(MyAccount.java:31)
at com.Pages.MyAccount.getAvailableOptions(MyAccount.java:31)
at com.Pages.MyAccount.getAvailableOptions(MyAccount.java:31)
at com.Pages.MyAccount.getAvailableOptions(MyAccount.java:31)
at com.Pages.MyAccount.getAvailableOptions(MyAccount.java:31)
at com.Pages.MyAccount.getAvailableOptions(MyAccount.java:31)
at com.Pages.MyAccount.getAvailableOptions(MyAccount.java:31)
at com.Pages.MyAccount.getAvailableOptions(MyAccount.java:31)
at com.Pages.MyAccount.getAvailableOptions(MyAccount.java:31)
at com.Pages.MyAccount.getAvailableOptions(MyAccount.java:31)
at com.Pages.MyAccount.getAvailableOptions(MyAccount.java:31)
at com.Pages.MyAccount.getAvailableOptions(MyAccount.java:31)
at com.Pages.MyAccount.getAvailableOptions(MyAccount.java:31)
at com.Pages.MyAccount.getAvailableOptions(MyAccount.java:31)
at com.Pages.MyAccount.getAvailableOptions(MyAccount.java:31)
at com.Pages.MyAccount.getAvailableOptions(MyAccount.java:31)
at com.Pages.MyAccount.getAvailableOptions(MyAccount.java:31)
at com.Pages.MyAccount.getAvailableOptions(MyAccount.java:31)
at com.Pages.MyAccount.getAvailableOptions(MyAccount.java:31)
at com.Pages.MyAccount.getAvailableOptions(MyAccount.java:31)
at com.Pages.MyAccount.getAvailableOptions(MyAccount.java:31)
at com.Pages.MyAccount.getAvailableOptions(MyAccount.java:31)
at com.Pages.MyAccount.getAvailableOptions(MyAccount.java:31)
at com.Pages.MyAccount.getAvailableOptions(MyAccount.java:31)
at com.Pages.MyAccount.getAvailableOptions(MyAccount.java:31)
at com.Pages.MyAccount.getAvailableOptions(MyAccount.java:31)
at com.Pages.MyAccount.getAvailableOptions(MyAccount.java:31)
at com.Pages.MyAccount.getAvailableOptions(MyAccount.java:31)
at com.Pages.MyAccount.getAvailableOptions(MyAccount.java:31)
at com.Pages.MyAccount.getAvailableOptions(MyAccount.java:31)
at com.Pages.MyAccount.getAvailableOptions(MyAccount.java:31)
at com.Pages.MyAccount.getAvailableOptions(MyAccount.java:31)
at com.Pages.MyAccount.getAvailableOptions(MyAccount.java:31)
at com.Pages.MyAccount.getAvailableOptions(MyAccount.java:31)
at com.Pages.MyAccount.getAvailableOptions(MyAccount.java:31)
at com.Pages.MyAccount.getAvailableOptions(MyAccount.java:31)
at com.Pages.MyAccount.getAvailableOptions(MyAccount.java:31)
at com.Pages.MyAccount.getAvailableOptions(MyAccount.java:31)
at com.Pages.MyAccount.getAvailableOptions(MyAccount.java:31)
at com.Pages.MyAccount.getAvailableOptions(MyAccount.java:31)
at com.Pages.MyAccount.getAvailableOptions(MyAccount.java:31)
at com.Pages.MyAccount.getAvailableOptions(MyAccount.java:31)
at com.Pages.MyAccount.getAvailableOptions(MyAccount.java:31)
at com.Pages.MyAccount.getAvailableOptions(MyAccount.java:31)
at com.Pages.MyAccount.getAvailableOptions(MyAccount.java:31)
at com.Pages.MyAccount.getAvailableOptions(MyAccount.java:31)
at com.Pages.MyAccount.getAvailableOptions(MyAccount.java:31)
at com.Pages.MyAccount.getAvailableOptions(MyAccount.java:31)
at com.Pages.MyAccount.getAvailableOptions(MyAccount.java:31)
at com.Pages.MyAccount.getAvailableOptions(MyAccount.java:31)
at com.Pages.MyAccount.getAvailableOptions(MyAccount.java:31)
at com.Pages.MyAccount.getAvailableOptions(MyAccount.java:31)
at com.Pages.MyAccount.getAvailableOptions(MyAccount.java:31)
at com.Pages.MyAccount.getAvailableOptions(MyAccount.java:31)
at com.Pages.MyAccount.getAvailableOptions(MyAccount.java:31)
at com.Pages.MyAccount.getAvailableOptions(MyAccount.java:31)
at com.Pages.MyAccount.getAvailableOptions(MyAccount.java:31)
at com.Pages.MyAccount.getAvailableOptions(MyAccount.java:31)
at com.Pages.MyAccount.getAvailableOptions(MyAccount.java:31)
at com.Pages.MyAccount.getAvailableOptions(MyAccount.java:31)
at com.Pages.MyAccount.getAvailableOptions(MyAccount.java:31)
at com.Pages.MyAccount.getAvailableOptions(MyAccount.java:31)
at com.Pages.MyAccount.getAvailableOptions(MyAccount.java:31)
at com.Pages.MyAccount.getAvailableOptions(MyAccount.java:31)
at com.Pages.MyAccount.getAvailableOptions(MyAccount.java:31)
at com.Pages.MyAccount.getAvailableOptions(MyAccount.java:31)
at com.Pages.MyAccount.getAvailableOptions(MyAccount.java:31)
at com.Pages.MyAccount.getAvailableOptions(MyAccount.java:31)
at com.Pages.MyAccount.getAvailableOptions(MyAccount.java:31)
at com.Pages.MyAccount.getAvailableOptions(MyAccount.java:31)
at com.Pages.MyAccount.getAvailableOptions(MyAccount.java:31)
at com.Pages.MyAccount.getAvailableOptions(MyAccount.java:31)
at com.Pages.MyAccount.getAvailableOptions(MyAccount.java:31)
at com.Pages.MyAccount.getAvailableOptions(MyAccount.java:31)
at com.Pages.MyAccount.getAvailableOptions(MyAccount.java:31)
at com.Pages.MyAccount.getAvailableOptions(MyAccount.java:31)
at com.Pages.MyAccount.getAvailableOptions(MyAccount.java:31)
at com.Pages.MyAccount.getAvailableOptions(MyAccount.java:31)
at com.Pages.MyAccount.getAvailableOptions(MyAccount.java:31)
at com.Pages.MyAccount.getAvailableOptions(MyAccount.java:31)
at com.Pages.MyAccount.getAvailableOptions(MyAccount.java:31)
at com.Pages.MyAccount.getAvailableOptions(MyAccount.java:31)
at com.Pages.MyAccount.getAvailableOptions(MyAccount.java:31)
at com.Pages.MyAccount.getAvailableOptions(MyAccount.java:31)
at com.Pages.MyAccount.getAvailableOptions(MyAccount.java:31)
at com.Pages.MyAccount.getAvailableOptions(MyAccount.java:31)
at com.Pages.MyAccount.getAvailableOptions(MyAccount.java:31)
at com.Pages.MyAccount.getAvailableOptions(MyAccount.java:31)
at com.Pages.MyAccount.getAvailableOptions(MyAccount.java:31)
at com.Pages.MyAccount.getAvailableOptions(MyAccount.java:31)
at com.Pages.MyAccount.getAvailableOptions(MyAccount.java:31)
at com.Pages.MyAccount.getAvailableOptions(MyAccount.java:31)
at com.Pages.MyAccount.getAvailableOptions(MyAccount.java:31)
at com.Pages.MyAccount.getAvailableOptions(MyAccount.java:31)
at com.Pages.MyAccount.getAvailableOptions(MyAccount.java:31)
at com.Pages.MyAccount.getAvailableOptions(MyAccount.java:31)
at com.Pages.MyAccount.getAvailableOptions(MyAccount.java:31)
at com.Pages.MyAccount.getAvailableOptions(MyAccount.java:31)
at com.Pages.MyAccount.getAvailableOptions(MyAccount.java:31)
at com.Pages.MyAccount.getAvailableOptions(MyAccount.java:31)
at com.Pages.MyAccount.getAvailableOptions(MyAccount.java:31)
at com.Pages.MyAccount.getAvailableOptions(MyAccount.java:31)
at com.Pages.MyAccount.getAvailableOptions(MyAccount.java:31)
at com.Pages.MyAccount.getAvailableOptions(MyAccount.java:31)
at com.Pages.MyAccount.getAvailableOptions(MyAccount.java:31)
at com.Pages.MyAccount.getAvailableOptions(MyAccount.java:31)
at com.Pages.MyAccount.getAvailableOptions(MyAccount.java:31)
at com.Pages.MyAccount.getAvailableOptions(MyAccount.java:31)
at com.Pages.MyAccount.getAvailableOptions(MyAccount.java:31)
at com.Pages.MyAccount.getAvailableOptions(MyAccount.java:31)
at com.Pages.MyAccount.getAvailableOptions(MyAccount.java:31)
at com.Pages.MyAccount.getAvailableOptions(MyAccount.java:31)
at com.Pages.MyAccount.getAvailableOptions(MyAccount.java:31)
at com.Pages.MyAccount.getAvailableOptions(MyAccount.java:31)
at com.Pages.MyAccount.getAvailableOptions(MyAccount.java:31)
at com.Pages.MyAccount.getAvailableOptions(MyAccount.java:31)
at com.Pages.MyAccount.getAvailableOptions(MyAccount.java:31)
at com.Pages.MyAccount.getAvailableOptions(MyAccount.java:31)
at com.Pages.MyAccount.getAvailableOptions(MyAccount.java:31)
at com.Pages.MyAccount.getAvailableOptions(MyAccount.java:31)
at com.Pages.MyAccount.getAvailableOptions(MyAccount.java:31)
at com.Pages.MyAccount.getAvailableOptions(MyAccount.java:31)
at com.Pages.MyAccount.getAvailableOptions(MyAccount.java:31)
at com.Pages.MyAccount.getAvailableOptions(MyAccount.java:31)
at com.Pages.MyAccount.getAvailableOptions(MyAccount.java:31)
at com.Pages.MyAccount.getAvailableOptions(MyAccount.java:31)
at com.Pages.MyAccount.getAvailableOptions(MyAccount.java:31)
at com.Pages.MyAccount.getAvailableOptions(MyAccount.java:31)
at com.Pages.MyAccount.getAvailableOptions(MyAccount.java:31)
at com.Pages.MyAccount.getAvailableOptions(MyAccount.java:31)
at com.Pages.MyAccount.getAvailableOptions(MyAccount.java:31)
at com.Pages.MyAccount.getAvailableOptions(MyAccount.java:31)
at com.Pages.MyAccount.getAvailableOptions(MyAccount.java:31)
at com.Pages.MyAccount.getAvailableOptions(MyAccount.java:31)
at com.Pages.MyAccount.getAvailableOptions(MyAccount.java:31)
at com.Pages.MyAccount.getAvailableOptions(MyAccount.java:31)
at com.Pages.MyAccount.getAvailableOptions(MyAccount.java:31)
at com.Pages.MyAccount.getAvailableOptions(MyAccount.java:31)
at com.Pages.MyAccount.getAvailableOptions(MyAccount.java:31)
at com.Pages.MyAccount.getAvailableOptions(MyAccount.java:31)
at com.Pages.MyAccount.getAvailableOptions(MyAccount.java:31)
at com.Pages.MyAccount.getAvailableOptions(MyAccount.java:31)
at com.Pages.MyAccount.getAvailableOptions(MyAccount.java:31)
at com.Pages.MyAccount.getAvailableOptions(MyAccount.java:31)
at com.Pages.MyAccount.getAvailableOptions(MyAccount.java:31)
at com.Pages.MyAccount.getAvailableOptions(MyAccount.java:31)
at com.Pages.MyAccount.getAvailableOptions(MyAccount.java:31)
at com.Pages.MyAccount.getAvailableOptions(MyAccount.java:31)
at com.Pages.MyAccount.getAvailableOptions(MyAccount.java:31)
at com.Pages.MyAccount.getAvailableOptions(MyAccount.java:31)
at com.Pages.MyAccount.getAvailableOptions(MyAccount.java:31)
at com.TestRunner.SmockRunTestNG.myAccount(SmockRunTestNG.java:47)
at sun.reflect.NativeMethodAccessorImpl.invoke0(Native Method)
at sun.reflect.NativeMethodAccessorImpl.invoke(NativeMethodAccessorImpl.java:62)
at sun.reflect.DelegatingMethodAccessorImpl.invoke(DelegatingMethodAccessorImpl.java:43)
at java.lang.reflect.Method.invoke(Method.java:498)
at org.testng.internal.MethodInvocationHelper.invokeMethod(MethodInvocationHelper.java:133)
at org.testng.internal.TestInvoker.invokeMethod(TestInvoker.java:584)
at org.testng.internal.TestInvoker.invokeTestMethod(TestInvoker.java:172)
at org.testng.internal.MethodRunner.runInSequence(MethodRunner.java:46)
at org.testng.internal.TestInvoker$MethodInvocationAgent.invoke(TestInvoker.java:804)
at org.testng.internal.TestInvoker.invokeTestMethods(TestInvoker.java:145)
at org.testng.internal.TestMethodWorker.invokeTestMethods(TestMethodWorker.java:146)
at org.testng.internal.TestMethodWorker.run(TestMethodWorker.java:128)
at java.util.ArrayList.forEach(ArrayList.java:1257)
at org.testng.TestRunner.privateRun(TestRunner.java:770)
at org.testng.TestRunner.run(TestRunner.java:591)
at org.testng.SuiteRunner.runTest(SuiteRunner.java:402)
at org.testng.SuiteRunner.runSequentially(SuiteRunner.java:396)
at org.testng.SuiteRunner.privateRun(SuiteRunner.java:355)
at org.testng.SuiteRunner.run(SuiteRunner.java:304)
at org.testng.SuiteRunnerWorker.runSuite(SuiteRunnerWorker.java:53)
at org.testng.SuiteRunnerWorker.run(SuiteRunnerWorker.java:96)
at org.testng.TestNG.runSuitesSequentially(TestNG.java:1180)
at org.testng.TestNG.runSuitesLocally(TestNG.java:1102)
at org.testng.TestNG.runSuites(TestNG.java:1032)
at org.testng.TestNG.run(TestNG.java:1000)
at org.testng.remote.AbstractRemoteTestNG.run(AbstractRemoteTestNG.java:115)
at org.testng.remote.RemoteTestNG.initAndRun(RemoteTestNG.java:251)
at org.testng.remote.RemoteTestNG.main(RemoteTestNG.java:77)
]]>
    </error>
  </testcase> <!-- myAccount -->
</testsuite> <!-- com.TestRunner.SmockRunTestNG -->
