<?xml version="1.0" encoding="UTF-8"?>
<!-- Generated by org.testng.reporters.JUnitReportReporter -->
<testsuite skipped="0" hostname="Khosruzs-MBP" name="com.Pages.RoughPage" tests="1" failures="0" timestamp="2019-12-02T01:08:01 EST" time="3.245" errors="0">
  <testcase name="searchHomePage" time="3.245" classname="com.Pages.RoughPage"/>
</testsuite> <!-- com.Pages.RoughPage -->
