<?xml version="1.0" encoding="UTF-8"?>
<!-- Generated by org.testng.reporters.JUnitReportReporter -->
<testsuite skipped="0" hostname="Khosruzs-MBP" name="com.Pages.HomePage" tests="1" failures="0" timestamp="2019-11-28T18:44:38 EST" time="1.933" errors="0">
  <testcase name="searchHomePage" time="1.933" classname="com.Pages.HomePage"/>
</testsuite> <!-- com.Pages.HomePage -->
