<?xml version="1.0" encoding="UTF-8"?>
<!-- Generated by org.testng.reporters.JUnitReportReporter -->
<testsuite skipped="0" hostname="Khosruzs-MBP" name="com.TestRunner.RegressionRunTestNG" tests="1" failures="0" timestamp="2019-11-29T23:01:30 EST" time="7.538" errors="0">
  <testcase name="myAccountOptions" time="7.538" classname="com.TestRunner.RegressionRunTestNG"/>
</testsuite> <!-- com.TestRunner.RegressionRunTestNG -->
