<?xml version="1.0" encoding="UTF-8"?>
<!-- Generated by org.testng.reporters.JUnitReportReporter -->
<testsuite skipped="0" hostname="Khosruzs-MBP" name="com.Runner.SmockRunTestNG" tests="4" failures="0" timestamp="2019-12-02T15:51:27 EST" time="37.801" errors="0">
  <testcase name="signUP" time="9.785" classname="com.Runner.SmockRunTestNG"/>
  <testcase name="myAccount" time="10.159" classname="com.Runner.SmockRunTestNG"/>
  <testcase name="logOut" time="9.200" classname="com.Runner.SmockRunTestNG"/>
  <testcase name="login" time="8.657" classname="com.Runner.SmockRunTestNG"/>
</testsuite> <!-- com.Runner.SmockRunTestNG -->
